./sdriver.pl -t trace15.txt -s ./tshref -a "-p"
#
# trace15.txt - Putting it all together
#
tsh> ./bogus
./bogus: Command not found
tsh> ./myspin 10
Job [1] (21376) terminated by signal 2
tsh> ./myspin 3 &
[1] (21378) ./myspin 3 &
tsh> ./myspin 4 &
[2] (21380) ./myspin 4 &
tsh> jobs
[1] (21378) Running ./myspin 3 &
[2] (21380) Running ./myspin 4 &
tsh> fg %1
Job [1] (21378) stopped by signal 20
tsh> jobs
[1] (21378) Stopped ./myspin 3 &
[2] (21380) Running ./myspin 4 &
tsh> bg %3
%3: No such job
tsh> bg %1
[1] (21378) ./myspin 3 &
tsh> jobs
[1] (21378) Running ./myspin 3 &
[2] (21380) Running ./myspin 4 &
tsh> fg %1
tsh> quit
