./sdriver.pl -t ./trace/trace01.txt -s ./tsh -a "-p"
#
# trace01.txt - Properly terminate on EOF.
#
./sdriver.pl -t ./trace/trace02.txt -s ./tsh -a "-p"
#
# trace02.txt - Process builtin quit command.
#
./sdriver.pl -t ./trace/trace03.txt -s ./tsh -a "-p"
#
# trace03.txt - Run a foreground job.
#
tsh> quit
./sdriver.pl -t ./trace/trace04.txt -s ./tsh -a "-p"
#
# trace04.txt - Run a background job.
#
tsh> ./myspin 1 &
[1] (5822) ./myspin 1 &
./sdriver.pl -t ./trace/trace05.txt -s ./tsh -a "-p"
#
# trace05.txt - Process jobs builtin command.
#
tsh> ./myspin 2 &
[1] (5827) ./myspin 2 &
tsh> ./myspin 3 &
[2] (5829) ./myspin 3 &
tsh> jobs
[1] (5827) Running ./myspin 2 &
[2] (5829) Running ./myspin 3 &
./sdriver.pl -t ./trace/trace06.txt -s ./tsh -a "-p"
#
# trace06.txt - Forward SIGINT to foreground job.
#
tsh> ./myspin 4
Job [1] (5835) terminated by signal 2
./sdriver.pl -t ./trace/trace07.txt -s ./tsh -a "-p"
#
# trace07.txt - Forward SIGINT only to foreground job.
#
tsh> ./myspin 4 &
[1] (5840) ./myspin 4 &
tsh> ./myspin 5
Job [2] (5842) terminated by signal 2
tsh> jobs
[1] (5840) Running ./myspin 4 &
./sdriver.pl -t ./trace/trace08.txt -s ./tsh -a "-p"
#
# trace08.txt - Forward SIGTSTP only to foreground job.
#
tsh> ./myspin 4 &
[1] (5856) ./myspin 4 &
tsh> ./myspin 5
Job [2] (5858) stopped by signal 20
tsh> jobs
[1] (5856) Running ./myspin 4 &
[2] (5858) Stopped ./myspin 5 
./sdriver.pl -t ./trace/trace09.txt -s ./tsh -a "-p"
#
# trace09.txt - Process bg builtin command
#
tsh> ./myspin 4 &
[1] (5904) ./myspin 4 &
tsh> ./myspin 5
Job [2] (5906) stopped by signal 20
tsh> jobs
[1] (5904) Running ./myspin 4 &
[2] (5906) Stopped ./myspin 5 
tsh> bg %2
[2] (5906) ./myspin 5 
tsh> jobs
[1] (5904) Running ./myspin 4 &
[2] (5906) Running ./myspin 5 
./sdriver.pl -t ./trace/trace10.txt -s ./tsh -a "-p"
#
# trace10.txt - Process fg builtin command. 
#
tsh> ./myspin 4 &
[1] (5917) ./myspin 4 &
tsh> fg %1
Job [1] (5917) stopped by signal 20
tsh> jobs
[1] (5917) Stopped ./myspin 4 &
tsh> fg %1
tsh> jobs
./sdriver.pl -t ./trace/trace11.txt -s ./tsh -a "-p"
#
# trace11.txt - Forward SIGINT to every process in foreground process group
#
tsh> ./mysplit 4
Job [1] (5926) terminated by signal 2
tsh> /bin/ps a
  PID TTY      STAT   TIME COMMAND
 4454 pts/0    T      0:00 ./tsh
 4455 pts/0    Z      0:00 [myspin] <defunct>
 5807 pts/0    S+     0:00 make testall
 5922 pts/0    S+     0:00 /bin/sh -c ./sdriver.pl -t ./trace/trace11.txt -s ./tsh -a "-p"
 5923 pts/0    S+     0:00 /usr/bin/perl ./sdriver.pl -t ./trace/trace11.txt -s ./tsh -a -p
 5924 pts/0    S+     0:00 ./tsh -p
 5941 pts/0    R      0:00 /bin/ps a
29592 pts/1    Ss+    0:06 -zsh
29597 pts/1    S      0:00 -zsh
29617 pts/1    Sl     0:01 /home/hyokta_linux/.cache/gitstatus/gitstatusd-linux-x86_64 -G v1.0.0 -s 1 -u 1 -d 1 -c 1 -m -1 -v FATAL -t 16
30345 pts/0    Ss     4:06 -zsh
30350 pts/0    S      0:00 -zsh
30370 pts/0    Sl     0:01 /home/hyokta_linux/.cache/gitstatus/gitstatusd-linux-x86_64 -G v1.0.0 -s 1 -u 1 -d 1 -c 1 -m -1 -v FATAL -t 16
./sdriver.pl -t ./trace/trace12.txt -s ./tsh -a "-p"
#
# trace12.txt - Forward SIGTSTP to every process in foreground process group
#
tsh> ./mysplit 4
Job [1] (5946) stopped by signal 20
tsh> jobs
[1] (5946) Stopped ./mysplit 4 
tsh> /bin/ps a
  PID TTY      STAT   TIME COMMAND
 4454 pts/0    T      0:00 ./tsh
 4455 pts/0    Z      0:00 [myspin] <defunct>
 5807 pts/0    S+     0:00 make testall
 5942 pts/0    S+     0:00 /bin/sh -c ./sdriver.pl -t ./trace/trace12.txt -s ./tsh -a "-p"
 5943 pts/0    S+     0:00 /usr/bin/perl ./sdriver.pl -t ./trace/trace12.txt -s ./tsh -a -p
 5944 pts/0    S+     0:00 ./tsh -p
 5946 pts/0    T      0:00 ./mysplit 4
 5947 pts/0    T      0:00 ./mysplit 4
 5974 pts/0    R      0:00 /bin/ps a
29592 pts/1    Ss+    0:06 -zsh
29597 pts/1    S      0:00 -zsh
29617 pts/1    Sl     0:01 /home/hyokta_linux/.cache/gitstatus/gitstatusd-linux-x86_64 -G v1.0.0 -s 1 -u 1 -d 1 -c 1 -m -1 -v FATAL -t 16
30345 pts/0    Ss     4:06 -zsh
30350 pts/0    S      0:00 -zsh
30370 pts/0    Sl     0:01 /home/hyokta_linux/.cache/gitstatus/gitstatusd-linux-x86_64 -G v1.0.0 -s 1 -u 1 -d 1 -c 1 -m -1 -v FATAL -t 16
./sdriver.pl -t ./trace/trace13.txt -s ./tsh -a "-p"
#
# trace13.txt - Restart every stopped process in process group
#
tsh> ./mysplit 4
Job [1] (5979) stopped by signal 20
tsh> jobs
[1] (5979) Stopped ./mysplit 4 
tsh> /bin/ps a
  PID TTY      STAT   TIME COMMAND
 4454 pts/0    T      0:00 ./tsh
 4455 pts/0    Z      0:00 [myspin] <defunct>
 5807 pts/0    S+     0:00 make testall
 5975 pts/0    S+     0:00 /bin/sh -c ./sdriver.pl -t ./trace/trace13.txt -s ./tsh -a "-p"
 5976 pts/0    S+     0:00 /usr/bin/perl ./sdriver.pl -t ./trace/trace13.txt -s ./tsh -a -p
 5977 pts/0    S+     0:00 ./tsh -p
 5979 pts/0    T      0:00 ./mysplit 4
 5980 pts/0    T      0:00 ./mysplit 4
 5989 pts/0    R      0:00 /bin/ps a
29592 pts/1    Ss+    0:06 -zsh
29597 pts/1    S      0:00 -zsh
29617 pts/1    Sl     0:01 /home/hyokta_linux/.cache/gitstatus/gitstatusd-linux-x86_64 -G v1.0.0 -s 1 -u 1 -d 1 -c 1 -m -1 -v FATAL -t 16
30345 pts/0    Ss     4:06 -zsh
30350 pts/0    S      0:00 -zsh
30370 pts/0    Sl     0:01 /home/hyokta_linux/.cache/gitstatus/gitstatusd-linux-x86_64 -G v1.0.0 -s 1 -u 1 -d 1 -c 1 -m -1 -v FATAL -t 16
tsh> fg %1
tsh> /bin/ps a
  PID TTY      STAT   TIME COMMAND
 4454 pts/0    T      0:00 ./tsh
 4455 pts/0    Z      0:00 [myspin] <defunct>
 5807 pts/0    S+     0:00 make testall
 5975 pts/0    S+     0:00 /bin/sh -c ./sdriver.pl -t ./trace/trace13.txt -s ./tsh -a "-p"
 5976 pts/0    S+     0:00 /usr/bin/perl ./sdriver.pl -t ./trace/trace13.txt -s ./tsh -a -p
 5977 pts/0    S+     0:00 ./tsh -p
 5996 pts/0    R      0:00 /bin/ps a
29592 pts/1    Ss+    0:06 -zsh
29597 pts/1    S      0:00 -zsh
29617 pts/1    Sl     0:01 /home/hyokta_linux/.cache/gitstatus/gitstatusd-linux-x86_64 -G v1.0.0 -s 1 -u 1 -d 1 -c 1 -m -1 -v FATAL -t 16
30345 pts/0    Ss     4:06 -zsh
30350 pts/0    S      0:00 -zsh
30370 pts/0    Sl     0:01 /home/hyokta_linux/.cache/gitstatus/gitstatusd-linux-x86_64 -G v1.0.0 -s 1 -u 1 -d 1 -c 1 -m -1 -v FATAL -t 16
./sdriver.pl -t ./trace/trace14.txt -s ./tsh -a "-p"
#
# trace14.txt - Simple error handling
#
tsh> ./bogus
./bogus: Command not found
tsh> ./myspin 4 &
[1] (6003) ./myspin 4 &
tsh> fg
fg command requires PID or %jobid argument
tsh> bg
bg command requires PID or %jobid argument
tsh> fg a
fg: argument must be a PID or %jobid
tsh> bg a
bg: argument must be a PID or %jobid
tsh> fg 9999999
(9999999): No such process
tsh> bg 9999999
(9999999): No such process
tsh> fg %2
%2: No such job
tsh> fg %1
Job [1] (6003) stopped by signal 20
tsh> bg %2
%2: No such job
tsh> bg %1
[1] (6003) ./myspin 4 &
tsh> jobs
[1] (6003) Running ./myspin 4 &
./sdriver.pl -t ./trace/trace15.txt -s ./tsh -a "-p"
#
# trace15.txt - Putting it all together
#
tsh> ./bogus
./bogus: Command not found
tsh> ./myspin 10
Job [1] (6033) terminated by signal 2
tsh> ./myspin 3 &
[1] (6045) ./myspin 3 &
tsh> ./myspin 4 &
[2] (6047) ./myspin 4 &
tsh> jobs
[1] (6045) Running ./myspin 3 &
[2] (6047) Running ./myspin 4 &
tsh> fg %1
Job [1] (6045) stopped by signal 20
tsh> jobs
[1] (6045) Stopped ./myspin 3 &
[2] (6047) Running ./myspin 4 &
tsh> bg %3
%3: No such job
tsh> bg %1
[1] (6045) ./myspin 3 &
tsh> jobs
[1] (6045) Running ./myspin 3 &
[2] (6047) Running ./myspin 4 &
tsh> fg %1
tsh> quit
./sdriver.pl -t ./trace/trace16.txt -s ./tsh -a "-p"
#
# trace16.txt - Tests whether the shell can handle SIGTSTP and SIGINT
#     signals that come from other processes instead of the terminal.
#
tsh> ./mystop 2
Job [1] (6070) stopped by signal 20
tsh> jobs
[1] (6070) Stopped ./mystop 2
tsh> ./myint 2
Job [2] (6073) terminated by signal 2
