./sdriver.pl -t ./trace/trace01.txt -s ./tshref -a "-p"
#
# trace01.txt - Properly terminate on EOF.
#
./sdriver.pl -t ./trace/trace02.txt -s ./tshref -a "-p"
#
# trace02.txt - Process builtin quit command.
#
./sdriver.pl -t ./trace/trace03.txt -s ./tshref -a "-p"
#
# trace03.txt - Run a foreground job.
#
tsh> quit
./sdriver.pl -t ./trace/trace04.txt -s ./tshref -a "-p"
#
# trace04.txt - Run a background job.
#
tsh> ./myspin 1 &
[1] (1744) ./myspin 1 &
./sdriver.pl -t ./trace/trace05.txt -s ./tshref -a "-p"
#
# trace05.txt - Process jobs builtin command.
#
tsh> ./myspin 2 &
[1] (1749) ./myspin 2 &
tsh> ./myspin 3 &
[2] (1751) ./myspin 3 &
tsh> jobs
[1] (1749) Running ./myspin 2 &
[2] (1751) Running ./myspin 3 &
./sdriver.pl -t ./trace/trace06.txt -s ./tshref -a "-p"
#
# trace06.txt - Forward SIGINT to foreground job.
#
tsh> ./myspin 4
Job [1] (1757) terminated by signal 2
./sdriver.pl -t ./trace/trace07.txt -s ./tshref -a "-p"
#
# trace07.txt - Forward SIGINT only to foreground job.
#
tsh> ./myspin 4 &
[1] (1762) ./myspin 4 &
tsh> ./myspin 5
Job [2] (1764) terminated by signal 2
tsh> jobs
[1] (1762) Running ./myspin 4 &
./sdriver.pl -t ./trace/trace08.txt -s ./tshref -a "-p"
#
# trace08.txt - Forward SIGTSTP only to foreground job.
#
tsh> ./myspin 4 &
[1] (1770) ./myspin 4 &
tsh> ./myspin 5
Job [2] (1772) stopped by signal 20
tsh> jobs
[1] (1770) Running ./myspin 4 &
[2] (1772) Stopped ./myspin 5 
./sdriver.pl -t ./trace/trace09.txt -s ./tshref -a "-p"
#
# trace09.txt - Process bg builtin command
#
tsh> ./myspin 4 &
[1] (1778) ./myspin 4 &
tsh> fg %1
Job [1] (1778) stopped by signal 20
tsh> jobs
[1] (1778) Stopped ./myspin 4 &
tsh> ./myspin 5
tsh> jobs
[1] (1778) Stopped ./myspin 4 &
tsh> bg %2
%2: No such job
tsh> jobs
[1] (1778) Stopped ./myspin 4 &
./sdriver.pl -t ./trace/trace10.txt -s ./tshref -a "-p"
#
# trace10.txt - Process fg builtin command. 
#
tsh> ./myspin 4 &
[1] (1791) ./myspin 4 &
tsh> fg %1
Job [1] (1791) stopped by signal 20
tsh> jobs
[1] (1791) Stopped ./myspin 4 &
tsh> fg %1
tsh> jobs
./sdriver.pl -t ./trace/trace11.txt -s ./tshref -a "-p"
#
# trace11.txt - Forward SIGINT to every process in foreground process group
#
tsh> ./mysplit 4
Job [1] (1800) terminated by signal 2
tsh> /bin/ps a
  PID TTY      STAT   TIME COMMAND
 1729 pts/0    S+     0:00 make rtestall
 1796 pts/0    S+     0:00 /bin/sh -c ./sdriver.pl -t ./trace/trace11.txt -s ./tshref -a "-p"
 1797 pts/0    S+     0:00 /usr/bin/perl ./sdriver.pl -t ./trace/trace11.txt -s ./tshref -a -p
 1798 pts/0    S+     0:00 ./tshref -p
 1803 pts/0    R      0:00 /bin/ps a
29592 pts/1    Ss     0:03 -zsh
29597 pts/1    S      0:00 -zsh
29617 pts/1    Sl     0:00 /home/hyokta_linux/.cache/gitstatus/gitstatusd-linux-x86_64 -G v1.0.0 -s 1 -u 1 -d 1 -c 1 -m -1 -v FATAL -t 16
29948 pts/1    S+     0:41 vim tsh.c
30345 pts/0    Ss     2:51 -zsh
30350 pts/0    S      0:00 -zsh
30370 pts/0    Sl     0:00 /home/hyokta_linux/.cache/gitstatus/gitstatusd-linux-x86_64 -G v1.0.0 -s 1 -u 1 -d 1 -c 1 -m -1 -v FATAL -t 16
./sdriver.pl -t ./trace/trace12.txt -s ./tshref -a "-p"
#
# trace12.txt - Forward SIGTSTP to every process in foreground process group
#
tsh> ./mysplit 4
Job [1] (1808) stopped by signal 20
tsh> jobs
[1] (1808) Stopped ./mysplit 4 
tsh> /bin/ps a
  PID TTY      STAT   TIME COMMAND
 1729 pts/0    S+     0:00 make rtestall
 1804 pts/0    S+     0:00 /bin/sh -c ./sdriver.pl -t ./trace/trace12.txt -s ./tshref -a "-p"
 1805 pts/0    S+     0:00 /usr/bin/perl ./sdriver.pl -t ./trace/trace12.txt -s ./tshref -a -p
 1806 pts/0    S+     0:00 ./tshref -p
 1808 pts/0    T      0:00 ./mysplit 4
 1809 pts/0    T      0:00 ./mysplit 4
 1812 pts/0    R      0:00 /bin/ps a
29592 pts/1    Ss     0:03 -zsh
29597 pts/1    S      0:00 -zsh
29617 pts/1    Sl     0:00 /home/hyokta_linux/.cache/gitstatus/gitstatusd-linux-x86_64 -G v1.0.0 -s 1 -u 1 -d 1 -c 1 -m -1 -v FATAL -t 16
29948 pts/1    S+     0:41 vim tsh.c
30345 pts/0    Ss     2:51 -zsh
30350 pts/0    S      0:00 -zsh
30370 pts/0    Sl     0:00 /home/hyokta_linux/.cache/gitstatus/gitstatusd-linux-x86_64 -G v1.0.0 -s 1 -u 1 -d 1 -c 1 -m -1 -v FATAL -t 16
./sdriver.pl -t ./trace/trace13.txt -s ./tshref -a "-p"
#
# trace13.txt - Restart every stopped process in process group
#
tsh> ./mysplit 4
Job [1] (1817) stopped by signal 20
tsh> jobs
[1] (1817) Stopped ./mysplit 4 
tsh> /bin/ps a
  PID TTY      STAT   TIME COMMAND
 1729 pts/0    S+     0:00 make rtestall
 1813 pts/0    S+     0:00 /bin/sh -c ./sdriver.pl -t ./trace/trace13.txt -s ./tshref -a "-p"
 1814 pts/0    S+     0:00 /usr/bin/perl ./sdriver.pl -t ./trace/trace13.txt -s ./tshref -a -p
 1815 pts/0    S+     0:00 ./tshref -p
 1817 pts/0    T      0:00 ./mysplit 4
 1818 pts/0    T      0:00 ./mysplit 4
 1821 pts/0    R      0:00 /bin/ps a
29592 pts/1    Ss     0:03 -zsh
29597 pts/1    S      0:00 -zsh
29617 pts/1    Sl     0:00 /home/hyokta_linux/.cache/gitstatus/gitstatusd-linux-x86_64 -G v1.0.0 -s 1 -u 1 -d 1 -c 1 -m -1 -v FATAL -t 16
29948 pts/1    S+     0:41 vim tsh.c
30345 pts/0    Ss     2:51 -zsh
30350 pts/0    S      0:00 -zsh
30370 pts/0    Sl     0:00 /home/hyokta_linux/.cache/gitstatus/gitstatusd-linux-x86_64 -G v1.0.0 -s 1 -u 1 -d 1 -c 1 -m -1 -v FATAL -t 16
tsh> fg %1
tsh> /bin/ps a
  PID TTY      STAT   TIME COMMAND
 1729 pts/0    S+     0:00 make rtestall
 1813 pts/0    S+     0:00 /bin/sh -c ./sdriver.pl -t ./trace/trace13.txt -s ./tshref -a "-p"
 1814 pts/0    S+     0:00 /usr/bin/perl ./sdriver.pl -t ./trace/trace13.txt -s ./tshref -a -p
 1815 pts/0    S+     0:00 ./tshref -p
 1824 pts/0    R      0:00 /bin/ps a
29592 pts/1    Ss     0:03 -zsh
29597 pts/1    S      0:00 -zsh
29617 pts/1    Sl     0:00 /home/hyokta_linux/.cache/gitstatus/gitstatusd-linux-x86_64 -G v1.0.0 -s 1 -u 1 -d 1 -c 1 -m -1 -v FATAL -t 16
29948 pts/1    S+     0:41 vim tsh.c
30345 pts/0    Ss     2:51 -zsh
30350 pts/0    S      0:00 -zsh
30370 pts/0    Sl     0:00 /home/hyokta_linux/.cache/gitstatus/gitstatusd-linux-x86_64 -G v1.0.0 -s 1 -u 1 -d 1 -c 1 -m -1 -v FATAL -t 16
./sdriver.pl -t ./trace/trace14.txt -s ./tshref -a "-p"
#
# trace14.txt - Simple error handling
#
tsh> ./bogus
./bogus: Command not found
tsh> ./myspin 4 &
[1] (1831) ./myspin 4 &
tsh> fg
fg command requires PID or %jobid argument
tsh> bg
bg command requires PID or %jobid argument
tsh> fg a
fg: argument must be a PID or %jobid
tsh> bg a
bg: argument must be a PID or %jobid
tsh> fg 9999999
(9999999): No such process
tsh> bg 9999999
(9999999): No such process
tsh> fg %2
%2: No such job
tsh> fg %1
Job [1] (1831) stopped by signal 20
tsh> bg %2
%2: No such job
tsh> bg %1
[1] (1831) ./myspin 4 &
tsh> jobs
[1] (1831) Running ./myspin 4 &
./sdriver.pl -t ./trace/trace15.txt -s ./tshref -a "-p"
#
# trace15.txt - Putting it all together
#
tsh> ./bogus
./bogus: Command not found
tsh> ./myspin 10
Job [1] (1849) terminated by signal 2
tsh> ./myspin 3 &
[1] (1851) ./myspin 3 &
tsh> ./myspin 4 &
[2] (1853) ./myspin 4 &
tsh> jobs
[1] (1851) Running ./myspin 3 &
[2] (1853) Running ./myspin 4 &
tsh> fg %1
Job [1] (1851) stopped by signal 20
tsh> jobs
[1] (1851) Stopped ./myspin 3 &
[2] (1853) Running ./myspin 4 &
tsh> bg %3
%3: No such job
tsh> bg %1
[1] (1851) ./myspin 3 &
tsh> jobs
[1] (1851) Running ./myspin 3 &
[2] (1853) Running ./myspin 4 &
tsh> fg %1
tsh> quit
./sdriver.pl -t ./trace/trace16.txt -s ./tshref -a "-p"
#
# trace16.txt - Tests whether the shell can handle SIGTSTP and SIGINT
#     signals that come from other processes instead of the terminal.
#
tsh> ./mystop 2
Job [1] (1890) stopped by signal 20
tsh> jobs
[1] (1890) Stopped ./mystop 2
tsh> ./myint 2
Job [2] (1893) terminated by signal 2
